[2019-07-28T01:32:56.560] [INFO] default - Sucessful, able to get the user name:{} MAHANTESHA
[2019-07-28T01:32:56.863] [INFO] default - Sucessful, able to update uploaded file reference to user object, username: {} MAHANTESHA
[2019-07-28T01:32:56.863] [INFO] default - Sucessful, able to upload the file for user , username: {} MAHANTESHA
[2019-07-28T02:05:55.499] [INFO] default - Sucessful, able to get the user name: MAHANTESHA
[2019-07-28T02:05:55.758] [INFO] default - Sucessful, able to update uploaded file reference to user object, username: {} MAHANTESHA
[2019-07-28T02:05:55.758] [INFO] default - Sucessful, able to upload the file for user , username: MAHANTESHA
[2019-07-28T02:12:33.933] [INFO] default - Sucessful, able to get the user name: MAHANTESHA
[2019-07-28T02:12:33.985] [INFO] default - Sucessful, able to update uploaded file reference to user object, username: {} MAHANTESHA
[2019-07-28T02:12:33.985] [INFO] default - Sucessful, able to upload the file for user , username: MAHANTESHA
[2019-08-15T20:24:40.657] [INFO] default - Failure, unable to upload the file username: TEST_DATA
[2019-08-15T20:24:41.164] [INFO] default - Failure, unable to upload the file username: MAHANTESHA
[2019-08-15T20:24:41.835] [INFO] default - Failure, unable to upload the file username: MAHANTESHA
[2019-08-15T20:25:21.845] [INFO] default - Sucessful, able to get the user name: TEST_DATA
[2019-08-15T20:25:21.871] [INFO] default - Sucessful, able to update uploaded file reference to user object, username: {} TEST_DATA
[2019-08-15T20:25:21.872] [INFO] default - Sucessful, able to upload the file for user , username: TEST_DATA
[2019-08-15T20:25:22.353] [ERROR] default - Failure, Unable to find the user name: MAHANTESHA
[2019-08-15T20:25:22.354] [INFO] default - Failure, unable to upload the file username: MAHANTESHA
[2019-08-15T20:25:27.826] [INFO] default - Sucessful, able to get the user name: MAHANTESHA
[2019-08-15T20:25:27.838] [INFO] default - Sucessful, able to update uploaded file reference to user object, username: {} MAHANTESHA
[2019-08-15T20:25:27.838] [INFO] default - Sucessful, able to upload the file for user , username: MAHANTESHA
[2019-08-15T20:28:48.599] [INFO] default - Sucessful, able to get the user name: TEST_DATA
[2019-08-15T20:28:48.626] [INFO] default - Sucessful, able to update uploaded file reference to user object, username: {} TEST_DATA
[2019-08-15T20:28:48.626] [INFO] default - Sucessful, able to upload the file for user , username: TEST_DATA
[2019-08-15T20:28:49.128] [ERROR] default - Failure, Unable to find the user name: MAHANTESHA
[2019-08-15T20:28:49.129] [INFO] default - Failure, unable to upload the file username: MAHANTESHA
[2019-08-15T20:28:49.907] [INFO] default - Sucessful, able to get the user name: MAHANTESHA
[2019-08-15T20:28:49.920] [INFO] default - Sucessful, able to update uploaded file reference to user object, username: {} MAHANTESHA
[2019-08-15T20:28:49.920] [INFO] default - Sucessful, able to upload the file for user , username: MAHANTESHA
[2019-08-15T20:30:12.091] [INFO] default - Sucessful, able to get the user name: TEST_DATA
[2019-08-15T20:30:12.118] [INFO] default - Sucessful, able to update uploaded file reference to user object, username: {} TEST_DATA
[2019-08-15T20:30:12.118] [INFO] default - Sucessful, able to upload the file for user , username: TEST_DATA
[2019-08-15T20:30:12.640] [ERROR] default - Failure, Unable to find the user name: MAHANTESHA
[2019-08-15T20:30:12.641] [INFO] default - Failure, unable to upload the file username: MAHANTESHA
[2019-08-15T20:30:13.365] [INFO] default - Sucessful, able to get the user name: MAHANTESHA
[2019-08-15T20:30:13.380] [INFO] default - Sucessful, able to update uploaded file reference to user object, username: {} MAHANTESHA
[2019-08-15T20:30:13.380] [INFO] default - Sucessful, able to upload the file for user , username: MAHANTESHA
[2019-08-15T20:40:12.519] [INFO] default - Sucessful, able to get the user name: TEST_DATA
[2019-08-15T20:40:12.545] [INFO] default - Sucessful, able to update uploaded file reference to user object, username: {} TEST_DATA
[2019-08-15T20:40:12.546] [INFO] default - Sucessful, able to upload the file for user , username: TEST_DATA
[2019-08-15T20:40:13.041] [ERROR] default - Failure, Unable to find the user name: MAHANTESHA
[2019-08-15T20:40:13.042] [INFO] default - Failure, unable to upload the file username: MAHANTESHA
[2019-08-15T20:40:13.528] [INFO] default - Sucessful, able to get the user name: MAHANTESHA
[2019-08-15T20:40:13.549] [INFO] default - Sucessful, able to update uploaded file reference to user object, username: {} MAHANTESHA
[2019-08-15T20:40:13.549] [INFO] default - Sucessful, able to upload the file for user , username: MAHANTESHA
[2019-08-15T20:50:04.925] [INFO] default - Sucessful, able to get the user name: TEST_DATA
[2019-08-15T20:50:04.951] [INFO] default - Sucessful, able to update uploaded file reference to user object, username: {} TEST_DATA
[2019-08-15T20:50:04.951] [INFO] default - Sucessful, able to upload the file for user , username: TEST_DATA
[2019-08-15T20:50:05.413] [ERROR] default - Failure, Unable to find the user name: MAHANTESHA
[2019-08-15T20:50:05.413] [INFO] default - Failure, unable to upload the file username: MAHANTESHA
[2019-08-15T20:50:05.914] [INFO] default - Sucessful, able to get the user name: MAHANTESHA
[2019-08-15T20:50:05.926] [INFO] default - Sucessful, able to update uploaded file reference to user object, username: {} MAHANTESHA
[2019-08-15T20:50:05.926] [INFO] default - Sucessful, able to upload the file for user , username: MAHANTESHA
[2019-08-15T21:48:52.655] [INFO] default - Failure, unable to upload the file username: TEST_DATA
[2019-08-15T21:48:53.241] [INFO] default - Failure, unable to upload the file username: MAHANTESHA
[2019-08-15T21:48:53.899] [INFO] default - Failure, unable to upload the file username: MAHANTESHA
[2019-08-15T21:52:43.153] [INFO] default - Failure, unable to upload the file username: TEST_DATA
[2019-08-15T21:52:43.734] [INFO] default - Failure, unable to upload the file username: MAHANTESHA
[2019-08-15T21:52:44.253] [INFO] default - Failure, unable to upload the file username: MAHANTESHA
[2019-08-15T21:58:48.348] [INFO] default - Failure, unable to upload the file username: TEST_DATA
[2019-08-15T21:58:48.882] [INFO] default - Failure, unable to upload the file username: MAHANTESHA
[2019-08-15T21:58:49.411] [INFO] default - Failure, unable to upload the file username: MAHANTESHA
[2019-08-15T22:04:01.022] [INFO] default - Failure, unable to upload the file username: TEST_DATA
[2019-08-15T22:04:01.522] [INFO] default - Failure, unable to upload the file username: MAHANTESHA
[2019-08-15T22:04:02.008] [INFO] default - Failure, unable to upload the file username: MAHANTESHA
[2019-08-15T22:13:17.534] [INFO] default - Failure, unable to upload the file username: TEST_DATA
[2019-08-15T22:13:18.572] [INFO] default - Failure, unable to upload the file username: MAHANTESHA
[2019-08-15T22:13:19.084] [INFO] default - Failure, unable to upload the file username: MAHANTESHA
[2019-08-15T22:15:03.175] [INFO] default - Failure, unable to upload the file username: TEST_DATA
[2019-08-15T22:15:03.669] [INFO] default - Failure, unable to upload the file username: MAHANTESHA
[2019-08-15T22:15:04.179] [INFO] default - Failure, unable to upload the file username: MAHANTESHA
[2019-08-15T22:16:52.983] [INFO] default - Sucessful, able to get the user name: TEST_DATA
[2019-08-15T22:16:53.017] [INFO] default - Sucessful, able to update uploaded file reference to user object, username: {} TEST_DATA
[2019-08-15T22:16:53.018] [INFO] default - Sucessful, able to upload the file for user , username: TEST_DATA
[2019-08-15T22:16:53.518] [ERROR] default - Failure, Unable to find the user name: MAHANTESHA
[2019-08-15T22:16:53.519] [INFO] default - Failure, unable to upload the file username: MAHANTESHA
[2019-08-15T22:16:54.288] [INFO] default - Sucessful, able to get the user name: MAHANTESHA
[2019-08-15T22:16:54.306] [INFO] default - Sucessful, able to update uploaded file reference to user object, username: {} MAHANTESHA
[2019-08-15T22:16:54.307] [INFO] default - Sucessful, able to upload the file for user , username: MAHANTESHA
[2019-08-15T23:28:52.864] [INFO] default - Sucessful, able to get the user name: TEST_DATA
[2019-08-15T23:28:52.908] [INFO] default - Sucessful, able to update uploaded file reference to user object, username: {} TEST_DATA
[2019-08-15T23:28:52.909] [INFO] default - Sucessful, able to upload the file for user , username: TEST_DATA
[2019-08-15T23:28:53.473] [ERROR] default - Failure, Unable to find the user name: MAHANTESHA
[2019-08-15T23:28:53.475] [INFO] default - Failure, unable to upload the file username: MAHANTESHA
[2019-08-15T23:28:54.251] [INFO] default - Sucessful, able to get the user name: MAHANTESHA
[2019-08-15T23:28:54.305] [INFO] default - Sucessful, able to update uploaded file reference to user object, username: {} MAHANTESHA
[2019-08-15T23:28:54.306] [INFO] default - Sucessful, able to upload the file for user , username: MAHANTESHA
